Performing C SOURCE FILE Test CMAKE_HAVE_LIBC_PTHREAD failed with the following output:
Change Dir: /home/user/git/Event_manager11/Event_manager/cmake-build-release-system/CMakeFiles/CMakeTmp

Run Build Command(s):/usr/bin/make cmTC_cbe8f/fast && /usr/bin/make -f CMakeFiles/cmTC_cbe8f.dir/build.make CMakeFiles/cmTC_cbe8f.dir/build
make[1]: Entering directory '/home/user/git/Event_manager11/Event_manager/cmake-build-release-system/CMakeFiles/CMakeTmp'
Building C object CMakeFiles/cmTC_cbe8f.dir/src.c.o
/usr/bin/cc   -DCMAKE_HAVE_LIBC_PTHREAD   -o CMakeFiles/cmTC_cbe8f.dir/src.c.o   -c /home/user/git/Event_manager11/Event_manager/cmake-build-release-system/CMakeFiles/CMakeTmp/src.c
Linking C executable cmTC_cbe8f
/opt/poky/3.1.16/sysroots/x86_64-pokysdk-linux/usr/bin/cmake -E cmake_link_script CMakeFiles/cmTC_cbe8f.dir/link.txt --verbose=1
/usr/bin/cc  -DCMAKE_HAVE_LIBC_PTHREAD    CMakeFiles/cmTC_cbe8f.dir/src.c.o  -o cmTC_cbe8f 
CMakeFiles/cmTC_cbe8f.dir/src.c.o: In function `main':
src.c:(.text+0x3e): undefined reference to `pthread_create'
src.c:(.text+0x4a): undefined reference to `pthread_detach'
src.c:(.text+0x5b): undefined reference to `pthread_join'
src.c:(.text+0x6f): undefined reference to `pthread_atfork'
collect2: error: ld returned 1 exit status
CMakeFiles/cmTC_cbe8f.dir/build.make:86: recipe for target 'cmTC_cbe8f' failed
make[1]: *** [cmTC_cbe8f] Error 1
make[1]: Leaving directory '/home/user/git/Event_manager11/Event_manager/cmake-build-release-system/CMakeFiles/CMakeTmp'
Makefile:121: recipe for target 'cmTC_cbe8f/fast' failed
make: *** [cmTC_cbe8f/fast] Error 2


Source file was:
#include <pthread.h>

void* test_func(void* data)
{
  return data;
}

int main(void)
{
  pthread_t thread;
  pthread_create(&thread, NULL, test_func, NULL);
  pthread_detach(thread);
  pthread_join(thread, NULL);
  pthread_atfork(NULL, NULL, NULL);
  pthread_exit(NULL);

  return 0;
}

Determining if the function pthread_create exists in the pthreads failed with the following output:
Change Dir: /home/user/git/Event_manager11/Event_manager/cmake-build-release-system/CMakeFiles/CMakeTmp

Run Build Command(s):/usr/bin/make cmTC_9b91b/fast && /usr/bin/make -f CMakeFiles/cmTC_9b91b.dir/build.make CMakeFiles/cmTC_9b91b.dir/build
make[1]: Entering directory '/home/user/git/Event_manager11/Event_manager/cmake-build-release-system/CMakeFiles/CMakeTmp'
Building C object CMakeFiles/cmTC_9b91b.dir/CheckFunctionExists.c.o
/usr/bin/cc   -DCHECK_FUNCTION_EXISTS=pthread_create   -o CMakeFiles/cmTC_9b91b.dir/CheckFunctionExists.c.o   -c /opt/poky/3.1.16/sysroots/x86_64-pokysdk-linux/usr/share/cmake-3.16/Modules/CheckFunctionExists.c
Linking C executable cmTC_9b91b
/opt/poky/3.1.16/sysroots/x86_64-pokysdk-linux/usr/bin/cmake -E cmake_link_script CMakeFiles/cmTC_9b91b.dir/link.txt --verbose=1
/usr/bin/cc  -DCHECK_FUNCTION_EXISTS=pthread_create    CMakeFiles/cmTC_9b91b.dir/CheckFunctionExists.c.o  -o cmTC_9b91b  -lpthreads 
/usr/bin/ld: cannot find -lpthreads
collect2: error: ld returned 1 exit status
CMakeFiles/cmTC_9b91b.dir/build.make:86: recipe for target 'cmTC_9b91b' failed
make[1]: *** [cmTC_9b91b] Error 1
make[1]: Leaving directory '/home/user/git/Event_manager11/Event_manager/cmake-build-release-system/CMakeFiles/CMakeTmp'
Makefile:121: recipe for target 'cmTC_9b91b/fast' failed
make: *** [cmTC_9b91b/fast] Error 2



